<?xml version="1.0" encoding="UTF-8"?>
<!-- Generated by org.testng.reporters.JUnitReportReporter -->
<testsuite hostname="DESKTOP-HC63NE3" failures="0" tests="1" name="smokeTests.SearchFunctionality" time="1.931" errors="0" timestamp="2024-02-26T19:04:42 EET" skipped="0">
  <testcase classname="smokeTests.SearchFunctionality" name="SearchFunctionalityTest" time="1.931"/>
  <system-out/>
</testsuite> <!-- smokeTests.SearchFunctionality -->
