<?xml version="1.0" encoding="UTF-8"?>
<!-- Generated by org.testng.reporters.JUnitReportReporter -->
<testsuite hostname="DESKTOP-HC63NE3" failures="0" tests="1" name="smokeTests.loginPage" time="6.486" errors="0" timestamp="2024-02-26T17:23:31 EET" skipped="0">
  <testcase classname="smokeTests.loginPage" name="myTest" time="6.486"/>
  <system-out/>
</testsuite> <!-- smokeTests.loginPage -->
